<?xml version="1.0" encoding="UTF-8"?>
<testsuite xmlns:xsi="http://www.w3.org/2001/XMLSchema-instance" xsi:noNamespaceSchemaLocation="https://maven.apache.org/surefire/maven-surefire-plugin/xsd/surefire-test-report.xsd" name="org.example.RunCukeTest" time="102.568" tests="8" errors="0" skipped="0" failures="0">
  <properties>
[...]
</properties>
  <testcase name="Given User is on Argos homepage" classname="| nike |" time="0.004"/>
  <testcase name="When user search for &quot;nike&quot;" classname="| nike |" time="0"/>
  <testcase name="Then user should be able to search multiple products" classname="| nike |" time="0"/>
  <testcase name="| nike |" classname="| nike |" time="11.776"/>
  <testcase name="Given User is on Argos homepage" classname="| puma |" time="0"/>
  <testcase name="When user search for &quot;puma&quot;" classname="| puma |" time="0"/>
  <testcase name="Then user should be able to search multiple products" classname="| puma |" time="0"/>
  <testcase name="| puma |" classname="| puma |" time="12.447"/>
</testsuite>